# JRE version: Java(TM) SE Runtime Environment (8.0_121-b13) (build 1.8.0_121-b13)
# Java VM: Java HotSpot(TM) Client VM (25.121-b13 mixed mode windows-x86 )
Heap:
 def new generation   total 10944K, used 8114K [0x03c00000, 0x047d0000, 0x19150000)
  eden space 9792K,  71% used [0x03c00000, 0x042ccae8, 0x04590000)
  from space 1152K, 100% used [0x046b0000, 0x047d0000, 0x047d0000)
  to   space 1152K,   0% used [0x04590000, 0x04590000, 0x046b0000)
 tenured generation   total 24096K, used 17572K [0x19150000, 0x1a8d8000, 0x43c00000)
   the space 24096K,  72% used [0x19150000, 0x1a279238, 0x1a279400, 0x1a8d8000)
 Metaspace       used 3459K, capacity 3494K, committed 3520K, reserved 4480K
GC Heap History (10 events):
Event: 1.159 GC heap before
{Heap before GC invocations=18 (full 1):
 def new generation   total 6976K, used 6975K [0x03c00000, 0x04390000, 0x19150000)
  eden space 6208K, 100% used [0x03c00000, 0x04210000, 0x04210000)
  from space 768K,  99% used [0x042d0000, 0x0438fff8, 0x04390000)
  to   space 768K,   0% used [0x04210000, 0x04210000, 0x042d0000)
 tenured generation   total 15352K, used 13706K [0x19150000, 0x1a04e000, 0x43c00000)
   the space 15352K,  89% used [0x19150000, 0x19eb2af8, 0x19eb2c00, 0x1a04e000)
 Metaspace       used 3455K, capacity 3494K, committed 3520K, reserved 4480K
Event: 1.166 GC heap after
Heap after GC invocations=19 (full 1):
 def new generation   total 6976K, used 767K [0x03c00000, 0x04390000, 0x19150000)
  eden space 6208K,   0% used [0x03c00000, 0x03c00000, 0x04210000)
  from space 768K,  99% used [0x04210000, 0x042cfff8, 0x042d0000)
  to   space 768K,   0% used [0x042d0000, 0x042d0000, 0x04390000)
 tenured generation   total 15352K, used 15002K [0x19150000, 0x1a04e000, 0x43c00000)
   the space 15352K,  97% used [0x19150000, 0x19ff6a58, 0x19ff6c00, 0x1a04e000)
 Metaspace       used 3455K, capacity 3494K, committed 3520K, reserved 4480K
}
Event: 1.189 GC heap before
{Heap before GC invocations=19 (full 1):
 def new generation   total 6976K, used 6975K [0x03c00000, 0x04390000, 0x19150000)
  eden space 6208K, 100% used [0x03c00000, 0x04210000, 0x04210000)
  from space 768K,  99% used [0x04210000, 0x042cfff8, 0x042d0000)
  to   space 768K,   0% used [0x042d0000, 0x042d0000, 0x04390000)
 tenured generation   total 15352K, used 15002K [0x19150000, 0x1a04e000, 0x43c00000)
   the space 15352K,  97% used [0x19150000, 0x19ff6a58, 0x19ff6c00, 0x1a04e000)
 Metaspace       used 3455K, capacity 3494K, committed 3520K, reserved 4480K
Event: 1.237 GC heap after
Heap after GC invocations=20 (full 2):
 def new generation   total 10944K, used 0K [0x03c00000, 0x047d0000, 0x19150000)
  eden space 9792K,   0% used [0x03c00000, 0x03c00000, 0x04590000)
  from space 1152K,   0% used [0x04590000, 0x04590000, 0x046b0000)
  to   space 1152K,   0% used [0x046b0000, 0x046b0000, 0x047d0000)
 tenured generation   total 24096K, used 14455K [0x19150000, 0x1a8d8000, 0x43c00000)
   the space 24096K,  59% used [0x19150000, 0x19f6dd08, 0x19f6de00, 0x1a8d8000)
 Metaspace       used 3455K, capacity 3494K, committed 3520K, reserved 4480K
}
Event: 1.271 GC heap before
{Heap before GC invocations=20 (full 2):
 def new generation   total 10944K, used 9792K [0x03c00000, 0x047d0000, 0x19150000)
  eden space 9792K, 100% used [0x03c00000, 0x04590000, 0x04590000)
  from space 1152K,   0% used [0x04590000, 0x04590000, 0x046b0000)
  to   space 1152K,   0% used [0x046b0000, 0x046b0000, 0x047d0000)
 tenured generation   total 24096K, used 14455K [0x19150000, 0x1a8d8000, 0x43c00000)
   the space 24096K,  59% used [0x19150000, 0x19f6dd08, 0x19f6de00, 0x1a8d8000)
 Metaspace       used 3459K, capacity 3494K, committed 3520K, reserved 4480K
Event: 1.276 GC heap after
Heap after GC invocations=21 (full 2):
 def new generation   total 10944K, used 1151K [0x03c00000, 0x047d0000, 0x19150000)
  eden space 9792K,   0% used [0x03c00000, 0x03c00000, 0x04590000)
  from space 1152K,  99% used [0x046b0000, 0x047cfff8, 0x047d0000)
  to   space 1152K,   0% used [0x04590000, 0x04590000, 0x046b0000)
 tenured generation   total 24096K, used 14674K [0x19150000, 0x1a8d8000, 0x43c00000)
   the space 24096K,  60% used [0x19150000, 0x19fa4910, 0x19fa4a00, 0x1a8d8000)
 Metaspace       used 3459K, capacity 3494K, committed 3520K, reserved 4480K
}
Event: 1.316 GC heap before
{Heap before GC invocations=21 (full 2):
 def new generation   total 10944K, used 10943K [0x03c00000, 0x047d0000, 0x19150000)
  eden space 9792K, 100% used [0x03c00000, 0x04590000, 0x04590000)
  from space 1152K,  99% used [0x046b0000, 0x047cfff8, 0x047d0000)
  to   space 1152K,   0% used [0x04590000, 0x04590000, 0x046b0000)
 tenured generation   total 24096K, used 14674K [0x19150000, 0x1a8d8000, 0x43c00000)
   the space 24096K,  60% used [0x19150000, 0x19fa4910, 0x19fa4a00, 0x1a8d8000)
 Metaspace       used 3459K, capacity 3494K, committed 3520K, reserved 4480K
Event: 1.326 GC heap after
Heap after GC invocations=22 (full 2):
 def new generation   total 10944K, used 1151K [0x03c00000, 0x047d0000, 0x19150000)
  eden space 9792K,   0% used [0x03c00000, 0x03c00000, 0x04590000)
  from space 1152K,  99% used [0x04590000, 0x046afff8, 0x046b0000)
  to   space 1152K,   0% used [0x046b0000, 0x046b0000, 0x047d0000)
 tenured generation   total 24096K, used 16435K [0x19150000, 0x1a8d8000, 0x43c00000)
   the space 24096K,  68% used [0x19150000, 0x1a15cf08, 0x1a15d000, 0x1a8d8000)
 Metaspace       used 3459K, capacity 3494K, committed 3520K, reserved 4480K
}
Event: 1.366 GC heap before
{Heap before GC invocations=22 (full 2):
 def new generation   total 10944K, used 10943K [0x03c00000, 0x047d0000, 0x19150000)
  eden space 9792K, 100% used [0x03c00000, 0x04590000, 0x04590000)
  from space 1152K,  99% used [0x04590000, 0x046afff8, 0x046b0000)
  to   space 1152K,   0% used [0x046b0000, 0x046b0000, 0x047d0000)
 tenured generation   total 24096K, used 16435K [0x19150000, 0x1a8d8000, 0x43c00000)
   the space 24096K,  68% used [0x19150000, 0x1a15cf08, 0x1a15d000, 0x1a8d8000)
 Metaspace       used 3459K, capacity 3494K, committed 3520K, reserved 4480K
Event: 1.375 GC heap after
Heap after GC invocations=23 (full 2):
 def new generation   total 10944K, used 1152K [0x03c00000, 0x047d0000, 0x19150000)
  eden space 9792K,   0% used [0x03c00000, 0x03c00000, 0x04590000)
  from space 1152K, 100% used [0x046b0000, 0x047d0000, 0x047d0000)
  to   space 1152K,   0% used [0x04590000, 0x04590000, 0x046b0000)
 tenured generation   total 24096K, used 17572K [0x19150000, 0x1a8d8000, 0x43c00000)
   the space 24096K,  72% used [0x19150000, 0x1a279238, 0x1a279400, 0x1a8d8000)
 Metaspace       used 3459K, capacity 3494K, committed 3520K, reserved 4480K
}

