# JRE version: Java(TM) SE Runtime Environment (8.0_121-b13) (build 1.8.0_121-b13)
# Java VM: Java HotSpot(TM) Client VM (25.121-b13 mixed mode windows-x86 )
Heap:
 def new generation   total 55040K, used 55040K [0x03c00000, 0x077b0000, 0x19150000)
  eden space 48960K, 100% used [0x03c00000, 0x06bd0000, 0x06bd0000)
  from space 6080K, 100% used [0x071c0000, 0x077b0000, 0x077b0000)
  to   space 6080K,  34% used [0x06bd0000, 0x06dd61d0, 0x071c0000)
 tenured generation   total 699072K, used 66094K [0x19150000, 0x43c00000, 0x43c00000)
   the space 699072K,   9% used [0x19150000, 0x1d1dba78, 0x1d1dbc00, 0x43c00000)
 Metaspace       used 38058K, capacity 39449K, committed 39552K, reserved 40320K
GC Heap History (10 events):
Event: 2208.081 GC heap after
Heap after GC invocations=239 (full 14):
 def new generation   total 55040K, used 2455K [0x03c00000, 0x077b0000, 0x19150000)
  eden space 48960K,   0% used [0x03c00000, 0x03c00000, 0x06bd0000)
  from space 6080K,  40% used [0x071c0000, 0x07425d08, 0x077b0000)
  to   space 6080K,   0% used [0x06bd0000, 0x06bd0000, 0x071c0000)
 tenured generation   total 122036K, used 49378K [0x19150000, 0x2087d000, 0x43c00000)
   the space 122036K,  40% used [0x19150000, 0x1c188a30, 0x1c188c00, 0x2087d000)
 Metaspace       used 37984K, capacity 39351K, committed 39424K, reserved 40320K
}
Event: 2208.279 GC heap before
{Heap before GC invocations=239 (full 14):
 def new generation   total 55040K, used 51415K [0x03c00000, 0x077b0000, 0x19150000)
  eden space 48960K, 100% used [0x03c00000, 0x06bd0000, 0x06bd0000)
  from space 6080K,  40% used [0x071c0000, 0x07425d08, 0x077b0000)
  to   space 6080K,   0% used [0x06bd0000, 0x06bd0000, 0x071c0000)
 tenured generation   total 122036K, used 49378K [0x19150000, 0x2087d000, 0x43c00000)
   the space 122036K,  40% used [0x19150000, 0x1c188a30, 0x1c188c00, 0x2087d000)
 Metaspace       used 37984K, capacity 39351K, committed 39424K, reserved 40320K
Event: 2208.286 GC heap after
Heap after GC invocations=240 (full 14):
 def new generation   total 55040K, used 2571K [0x03c00000, 0x077b0000, 0x19150000)
  eden space 48960K,   0% used [0x03c00000, 0x03c00000, 0x06bd0000)
  from space 6080K,  42% used [0x06bd0000, 0x06e52d80, 0x071c0000)
  to   space 6080K,   0% used [0x071c0000, 0x071c0000, 0x077b0000)
 tenured generation   total 122036K, used 49378K [0x19150000, 0x2087d000, 0x43c00000)
   the space 122036K,  40% used [0x19150000, 0x1c188a30, 0x1c188c00, 0x2087d000)
 Metaspace       used 37984K, capacity 39351K, committed 39424K, reserved 40320K
}
Event: 2209.339 GC heap before
{Heap before GC invocations=240 (full 14):
 def new generation   total 55040K, used 51531K [0x03c00000, 0x077b0000, 0x19150000)
  eden space 48960K, 100% used [0x03c00000, 0x06bd0000, 0x06bd0000)
  from space 6080K,  42% used [0x06bd0000, 0x06e52d80, 0x071c0000)
  to   space 6080K,   0% used [0x071c0000, 0x071c0000, 0x077b0000)
 tenured generation   total 122036K, used 49378K [0x19150000, 0x2087d000, 0x43c00000)
   the space 122036K,  40% used [0x19150000, 0x1c188a30, 0x1c188c00, 0x2087d000)
 Metaspace       used 37984K, capacity 39351K, committed 39424K, reserved 40320K
Event: 2209.353 GC heap after
Heap after GC invocations=241 (full 14):
 def new generation   total 55040K, used 4913K [0x03c00000, 0x077b0000, 0x19150000)
  eden space 48960K,   0% used [0x03c00000, 0x03c00000, 0x06bd0000)
  from space 6080K,  80% used [0x071c0000, 0x0768c478, 0x077b0000)
  to   space 6080K,   0% used [0x06bd0000, 0x06bd0000, 0x071c0000)
 tenured generation   total 122036K, used 49378K [0x19150000, 0x2087d000, 0x43c00000)
   the space 122036K,  40% used [0x19150000, 0x1c188a30, 0x1c188c00, 0x2087d000)
 Metaspace       used 37984K, capacity 39351K, committed 39424K, reserved 40320K
}
Event: 2211.004 GC heap before
{Heap before GC invocations=241 (full 14):
 def new generation   total 55040K, used 53873K [0x03c00000, 0x077b0000, 0x19150000)
  eden space 48960K, 100% used [0x03c00000, 0x06bd0000, 0x06bd0000)
  from space 6080K,  80% used [0x071c0000, 0x0768c478, 0x077b0000)
  to   space 6080K,   0% used [0x06bd0000, 0x06bd0000, 0x071c0000)
 tenured generation   total 122036K, used 49378K [0x19150000, 0x2087d000, 0x43c00000)
   the space 122036K,  40% used [0x19150000, 0x1c188a30, 0x1c188c00, 0x2087d000)
 Metaspace       used 37984K, capacity 39351K, committed 39424K, reserved 40320K
Event: 2211.024 GC heap after
Heap after GC invocations=242 (full 14):
 def new generation   total 55040K, used 4484K [0x03c00000, 0x077b0000, 0x19150000)
  eden space 48960K,   0% used [0x03c00000, 0x03c00000, 0x06bd0000)
  from space 6080K,  73% used [0x06bd0000, 0x070312a0, 0x071c0000)
  to   space 6080K,   0% used [0x071c0000, 0x071c0000, 0x077b0000)
 tenured generation   total 122036K, used 51418K [0x19150000, 0x2087d000, 0x43c00000)
   the space 122036K,  42% used [0x19150000, 0x1c386908, 0x1c386a00, 0x2087d000)
 Metaspace       used 37984K, capacity 39351K, committed 39424K, reserved 40320K
}
Event: 2211.460 GC heap before
{Heap before GC invocations=242 (full 14):
 def new generation   total 55040K, used 53444K [0x03c00000, 0x077b0000, 0x19150000)
  eden space 48960K, 100% used [0x03c00000, 0x06bd0000, 0x06bd0000)
  from space 6080K,  73% used [0x06bd0000, 0x070312a0, 0x071c0000)
  to   space 6080K,   0% used [0x071c0000, 0x071c0000, 0x077b0000)
 tenured generation   total 122036K, used 51418K [0x19150000, 0x2087d000, 0x43c00000)
   the space 122036K,  42% used [0x19150000, 0x1c386908, 0x1c386a00, 0x2087d000)
 Metaspace       used 37984K, capacity 39351K, committed 39424K, reserved 40320K
Event: 2211.508 GC heap after
Heap after GC invocations=243 (full 14):
 def new generation   total 55040K, used 6080K [0x03c00000, 0x077b0000, 0x19150000)
  eden space 48960K,   0% used [0x03c00000, 0x03c00000, 0x06bd0000)
  from space 6080K, 100% used [0x071c0000, 0x077b0000, 0x077b0000)
  to   space 6080K,   0% used [0x06bd0000, 0x06bd0000, 0x071c0000)
 tenured generation   total 122036K, used 66074K [0x19150000, 0x2087d000, 0x43c00000)
   the space 122036K,  54% used [0x19150000, 0x1d1d6a28, 0x1d1d6c00, 0x2087d000)
 Metaspace       used 37984K, capacity 39351K, committed 39424K, reserved 40320K
}
Event: 2211.761 GC heap before
{Heap before GC invocations=243 (full 14):
 def new generation   total 55040K, used 55040K [0x03c00000, 0x077b0000, 0x19150000)
  eden space 48960K, 100% used [0x03c00000, 0x06bd0000, 0x06bd0000)
  from space 6080K, 100% used [0x071c0000, 0x077b0000, 0x077b0000)
  to   space 6080K,   0% used [0x06bd0000, 0x06bd0000, 0x071c0000)
 tenured generation   total 122036K, used 66074K [0x19150000, 0x2087d000, 0x43c00000)
   the space 122036K,  54% used [0x19150000, 0x1d1d6a28, 0x1d1d6c00, 0x2087d000)
 Metaspace       used 38058K, capacity 39449K, committed 39552K, reserved 40320K

